2024-10-31 11:26:48,252 - INFO - file_cache is only supported with oauth2client<4.0.0
2024-10-31 11:26:48,283 - INFO - file_cache is only supported with oauth2client<4.0.0
2024-10-31 11:27:01,553 - INFO - file_cache is only supported with oauth2client<4.0.0
2024-10-31 11:27:01,553 - INFO - file_cache is only supported with oauth2client<4.0.0
2024-10-31 11:52:27,429 - INFO - file_cache is only supported with oauth2client<4.0.0
2024-10-31 11:52:27,429 - INFO - file_cache is only supported with oauth2client<4.0.0
2024-10-31 11:52:27,680 - INFO - Monitoring Instagram account: workbn92
2024-10-31 11:52:27,680 - INFO - An error occurred: 'instagram_id'
2024-10-31 11:53:50,197 - INFO - file_cache is only supported with oauth2client<4.0.0
2024-10-31 11:53:50,200 - INFO - file_cache is only supported with oauth2client<4.0.0
2024-10-31 11:53:50,392 - INFO - Monitoring Instagram account: workbn92
2024-10-31 11:53:50,392 - INFO - An error occurred: 'instagram_id'
2024-10-31 11:56:46,224 - INFO - file_cache is only supported with oauth2client<4.0.0
2024-10-31 11:56:46,228 - INFO - file_cache is only supported with oauth2client<4.0.0
2024-10-31 11:56:46,440 - INFO - Monitoring Instagram account: workbn92
2024-10-31 11:56:46,441 - INFO - An error occurred: 'instagram_id'
2024-10-31 12:02:59,914 - INFO - file_cache is only supported with oauth2client<4.0.0
2024-10-31 12:02:59,914 - INFO - file_cache is only supported with oauth2client<4.0.0
2024-10-31 12:03:00,111 - INFO - Monitoring Instagram account: workbn92
2024-10-31 12:03:00,111 - INFO - An error occurred: 'instagram_id'
2024-10-31 13:03:58,548 - INFO - file_cache is only supported with oauth2client<4.0.0
2024-10-31 13:03:58,551 - INFO - file_cache is only supported with oauth2client<4.0.0
2024-10-31 13:03:58,841 - INFO - Monitoring Instagram account: workbn92
2024-10-31 13:03:58,981 - ERROR - Error fetching posts for account workbn92: 400 Client Error: Bad Request for url: https://graph.instagram.com/v12.0/70198697716/media?fields=id%2Ccaption%2Cmedia_type%2Cmedia_url%2Cpermalink%2Cthumbnail_url%2Ctimestamp%2Cusername&access_token=IGQWRPYkI1U1lYWTJ4UXlETng0anpDeHhhajFId2NMcnEzc1pTT1NzZAWNadjc4RTBUeXFRU2d4b0Yza1VTVklVU0VmTXpEMHI2VEMyNTVXNmRYbTB1NkRBX1p4NHB3Q2FpckdpVHBiMHlnSzNfNUFVZA2Q2U2tlVGMZD&limit=1
2024-10-31 13:04:46,261 - INFO - file_cache is only supported with oauth2client<4.0.0
2024-10-31 13:04:46,261 - INFO - file_cache is only supported with oauth2client<4.0.0
2024-10-31 13:04:46,478 - INFO - Monitoring Instagram account: workbn92
2024-10-31 13:04:46,652 - INFO - An error occurred: 400 Client Error: Bad Request for url: https://graph.instagram.com/v12.0/70198697716/media?fields=id%2Ccaption%2Cmedia_type%2Cmedia_url%2Cpermalink%2Cthumbnail_url%2Ctimestamp%2Cusername&access_token=IGQWRPYkI1U1lYWTJ4UXlETng0anpDeHhhajFId2NMcnEzc1pTT1NzZAWNadjc4RTBUeXFRU2d4b0Yza1VTVklVU0VmTXpEMHI2VEMyNTVXNmRYbTB1NkRBX1p4NHB3Q2FpckdpVHBiMHlnSzNfNUFVZA2Q2U2tlVGMZD&limit=1
2024-10-31 13:06:13,036 - INFO - file_cache is only supported with oauth2client<4.0.0
2024-10-31 13:06:13,039 - INFO - file_cache is only supported with oauth2client<4.0.0
2024-10-31 13:06:13,283 - INFO - Monitoring Instagram account: workbn92
2024-10-31 13:06:13,413 - INFO - An error occurred: 400 Client Error: Bad Request for url: https://graph.instagram.com/v12.0/70198697716/media?fields=id%2Ccaption%2Cmedia_type%2Cmedia_url%2Cpermalink%2Cthumbnail_url%2Ctimestamp%2Cusername&access_token=IGQWRPYkI1U1lYWTJ4UXlETng0anpDeHhhajFId2NMcnEzc1pTT1NzZAWNadjc4RTBUeXFRU2d4b0Yza1VTVklVU0VmTXpEMHI2VEMyNTVXNmRYbTB1NkRBX1p4NHB3Q2FpckdpVHBiMHlnSzNfNUFVZA2Q2U2tlVGMZD&limit=1
2024-10-31 13:06:39,962 - INFO - file_cache is only supported with oauth2client<4.0.0
2024-10-31 13:06:39,962 - INFO - file_cache is only supported with oauth2client<4.0.0
2024-10-31 13:06:40,213 - INFO - Monitoring Instagram account: workbn92
2024-10-31 13:06:40,338 - INFO - An error occurred: 400 Client Error: Bad Request for url: https://graph.instagram.com/v12.0/70198697716/media?fields=id%2Ccaption%2Cmedia_type%2Cmedia_url%2Cpermalink%2Cthumbnail_url%2Ctimestamp%2Cusername&access_token=IGQWRPYkI1U1lYWTJ4UXlETng0anpDeHhhajFId2NMcnEzc1pTT1NzZAWNadjc4RTBUeXFRU2d4b0Yza1VTVklVU0VmTXpEMHI2VEMyNTVXNmRYbTB1NkRBX1p4NHB3Q2FpckdpVHBiMHlnSzNfNUFVZA2Q2U2tlVGMZD&limit=1
2024-10-31 13:10:08,355 - INFO - file_cache is only supported with oauth2client<4.0.0
2024-10-31 13:10:08,355 - INFO - file_cache is only supported with oauth2client<4.0.0
2024-10-31 13:10:08,521 - INFO - Monitoring Instagram account: workbn92
2024-10-31 13:10:08,645 - INFO - An error occurred: 500 Server Error: Internal Server Error for url: https://graph.instagram.com/v12.0/51470221531/media?fields=id%2Ccaption%2Cmedia_type%2Cmedia_url%2Cpermalink%2Cthumbnail_url%2Ctimestamp%2Cusername&access_token=IGQWRPYkI1U1lYWTJ4UXlETng0anpDeHhhajFId2NMcnEzc1pTT1NzZAWNadjc4RTBUeXFRU2d4b0Yza1VTVklVU0VmTXpEMHI2VEMyNTVXNmRYbTB1NkRBX1p4NHB3Q2FpckdpVHBiMHlnSzNfNUFVZA2Q2U2tlVGMZD&limit=1
2024-10-31 14:14:36,665 - INFO - file_cache is only supported with oauth2client<4.0.0
2024-10-31 14:14:36,669 - INFO - file_cache is only supported with oauth2client<4.0.0
2024-10-31 14:14:37,004 - INFO - Monitoring Instagram account: workbn92
2024-11-01 09:07:33,839 - INFO - file_cache is only supported with oauth2client<4.0.0
2024-11-01 09:07:33,865 - INFO - file_cache is only supported with oauth2client<4.0.0
2024-11-01 09:07:34,324 - INFO - Monitoring Instagram account: workbn92
2024-11-01 09:22:26,103 - INFO - file_cache is only supported with oauth2client<4.0.0
2024-11-01 09:22:26,106 - INFO - file_cache is only supported with oauth2client<4.0.0
2024-11-01 09:22:26,323 - INFO - Monitoring Instagram account: workbn92
2024-11-01 09:28:16,574 - INFO - file_cache is only supported with oauth2client<4.0.0
2024-11-01 09:28:16,574 - INFO - file_cache is only supported with oauth2client<4.0.0
2024-11-01 09:28:16,794 - INFO - Monitoring Instagram account: workbn92
2024-11-01 09:28:55,856 - INFO - file_cache is only supported with oauth2client<4.0.0
2024-11-01 09:28:55,872 - INFO - file_cache is only supported with oauth2client<4.0.0
2024-11-01 09:28:56,025 - INFO - Monitoring Instagram account: workbn92
2024-11-01 09:29:10,912 - INFO - file_cache is only supported with oauth2client<4.0.0
2024-11-01 09:29:10,928 - INFO - file_cache is only supported with oauth2client<4.0.0
2024-11-01 09:29:11,084 - INFO - Monitoring Instagram account: workbn92
2024-11-01 09:29:35,978 - INFO - file_cache is only supported with oauth2client<4.0.0
2024-11-01 09:29:35,978 - INFO - file_cache is only supported with oauth2client<4.0.0
2024-11-01 09:29:36,229 - INFO - Monitoring Instagram account: workbn92
2024-11-01 09:30:01,960 - INFO - file_cache is only supported with oauth2client<4.0.0
2024-11-01 09:30:01,976 - INFO - file_cache is only supported with oauth2client<4.0.0
2024-11-01 09:30:02,244 - INFO - Monitoring Instagram account: workbn92
2024-11-01 09:30:25,082 - INFO - file_cache is only supported with oauth2client<4.0.0
2024-11-01 09:30:25,082 - INFO - file_cache is only supported with oauth2client<4.0.0
2024-11-01 09:30:25,207 - INFO - Monitoring Instagram account: workbn92
2024-11-01 09:31:03,604 - INFO - file_cache is only supported with oauth2client<4.0.0
2024-11-01 09:31:03,604 - INFO - file_cache is only supported with oauth2client<4.0.0
2024-11-01 09:31:03,887 - INFO - Monitoring Instagram account: workbn92
2024-11-01 09:41:17,500 - INFO - file_cache is only supported with oauth2client<4.0.0
2024-11-01 09:41:17,500 - INFO - file_cache is only supported with oauth2client<4.0.0
2024-11-01 09:41:17,720 - INFO - Monitoring Instagram account: workbn92
2024-11-01 09:41:18,003 - INFO - An error occurred: 400 Client Error: Bad Request for url: https://graph.facebook.com/v12.0/27452782134370148/media?fields=id%2Ccaption%2Cmedia_type%2Cmedia_url%2Cpermalink%2Cthumbnail_url%2Ctimestamp%2Cusername&access_token=IGQWROcVhHN0ZA6bmxiVXQxOFRfWUFfLXVrSmdQMFF6ZAFpmelR2ZAHNMUjNsM0Y4TnltbEFHQjdTUkdCTzZA1MmZAPRk9CWElCXzB4TWlzN1ZAlZAm9rTDdHNExXdGNYa0JZAc3pWcnZAaeU5pd0FOdC0ybHRUaFN1TjB6dXcZD&limit=1
2024-11-01 09:46:12,794 - INFO - file_cache is only supported with oauth2client<4.0.0
2024-11-01 09:46:12,811 - INFO - file_cache is only supported with oauth2client<4.0.0
2024-11-01 09:46:13,077 - INFO - Monitoring Instagram account: workbn92
2024-11-01 09:46:13,327 - INFO - An error occurred: 400 Client Error: Bad Request for url: https://graph.facebook.com/v12.0/27452782134370148/media?fields=id%2Ccaption%2Cmedia_type%2Cmedia_url%2Cpermalink%2Cthumbnail_url%2Ctimestamp%2Cusername&access_token=IGQWROcVhHN0ZA6bmxiVXQxOFRfWUFfLXVrSmdQMFF6ZAFpmelR2ZAHNMUjNsM0Y4TnltbEFHQjdTUkdCTzZA1MmZAPRk9CWElCXzB4TWlzN1ZAlZAm9rTDdHNExXdGNYa0JZAc3pWcnZAaeU5pd0FOdC0ybHRUaFN1TjB6dXcZD&limit=1
2024-11-01 09:50:14,056 - INFO - file_cache is only supported with oauth2client<4.0.0
2024-11-01 09:50:14,056 - INFO - file_cache is only supported with oauth2client<4.0.0
2024-11-01 09:50:14,356 - INFO - Monitoring Instagram account: workbn92
2024-11-01 09:50:14,592 - INFO - An error occurred: 400 Client Error: Bad Request for url: https://graph.facebook.com/v12.0/27452782134370148/media?fields=id%2Ccaption%2Cmedia_type%2Cmedia_url%2Cpermalink%2Cthumbnail_url%2Ctimestamp%2Cusername&access_token=IGQWROcVhHN0ZA6bmxiVXQxOFRfWUFfLXVrSmdQMFF6ZAFpmelR2ZAHNMUjNsM0Y4TnltbEFHQjdTUkdCTzZA1MmZAPRk9CWElCXzB4TWlzN1ZAlZAm9rTDdHNExXdGNYa0JZAc3pWcnZAaeU5pd0FOdC0ybHRUaFN1TjB6dXcZD&limit=1
2024-11-01 10:01:25,370 - INFO - file_cache is only supported with oauth2client<4.0.0
2024-11-01 10:01:25,370 - INFO - file_cache is only supported with oauth2client<4.0.0
2024-11-01 10:01:25,559 - INFO - Monitoring Instagram account: workbn92
2024-11-01 10:55:01,409 - INFO - file_cache is only supported with oauth2client<4.0.0
2024-11-01 10:55:01,441 - INFO - file_cache is only supported with oauth2client<4.0.0
2024-11-01 10:55:01,661 - INFO - Monitoring Instagram account: workbn92
2024-11-01 11:01:45,010 - INFO - file_cache is only supported with oauth2client<4.0.0
2024-11-01 11:01:45,010 - INFO - file_cache is only supported with oauth2client<4.0.0
2024-11-01 11:01:45,309 - INFO - Monitoring Instagram account: workbn92
2024-11-01 11:01:45,467 - INFO - An error occurred: 'dict' object has no attribute 'shortcode'
2024-11-01 11:14:54,581 - INFO - file_cache is only supported with oauth2client<4.0.0
2024-11-01 11:14:54,581 - INFO - file_cache is only supported with oauth2client<4.0.0
2024-11-01 11:14:54,760 - INFO - Monitoring Instagram account: workbn92
2024-11-01 11:14:54,917 - INFO - An error occurred: 'dict' object has no attribute 'id'
2024-11-01 11:15:43,511 - INFO - file_cache is only supported with oauth2client<4.0.0
2024-11-01 11:15:43,511 - INFO - file_cache is only supported with oauth2client<4.0.0
2024-11-01 11:15:43,715 - INFO - Monitoring Instagram account: workbn92
2024-11-01 11:15:43,872 - INFO - An error occurred: 'dict' object has no attribute 'id'
2024-11-01 11:16:03,933 - INFO - file_cache is only supported with oauth2client<4.0.0
2024-11-01 11:16:03,949 - INFO - file_cache is only supported with oauth2client<4.0.0
2024-11-01 11:16:04,106 - INFO - Monitoring Instagram account: workbn92
2024-11-01 11:16:04,311 - INFO - An error occurred: 'dict' object has no attribute 'id'
2024-11-01 11:17:41,146 - INFO - file_cache is only supported with oauth2client<4.0.0
2024-11-01 11:17:41,162 - INFO - file_cache is only supported with oauth2client<4.0.0
2024-11-01 11:17:41,308 - INFO - Monitoring Instagram account: workbn92
2024-11-01 11:17:41,476 - INFO - New post detected: https://www.instagram.com/p/DBqXt7ztTcV/
2024-11-01 11:17:41,476 - INFO - Post ID: 17946184934895230
2024-11-01 11:17:41,476 - INFO - Next miercoles: 2024-11-06
2024-11-01 11:17:43,251 - INFO - Added new row to spreadsheet: Sheet1!A23:J23
2024-11-01 11:17:43,974 - INFO - Email alert sent successfully
